ERROR - 2024-02-22 13:54:08 --> Error connecting to the database: mysqli_sql_exception: No such file or directory in /var/www/html/system/Database/MySQLi/Connection.php:184
Stack trace:
#0 /var/www/html/system/Database/MySQLi/Connection.php(184): mysqli->real_connect('localhost', 'root', Object(SensitiveParameterValue), 'restapi', 3306, '', 0)
#1 /var/www/html/system/Database/BaseConnection.php(392): CodeIgniter\Database\MySQLi\Connection->connect(false)
#2 /var/www/html/system/Database/BaseConnection.php(575): CodeIgniter\Database\BaseConnection->initialize()
#3 /var/www/html/system/Database/BaseBuilder.php(1616): CodeIgniter\Database\BaseConnection->query('SELECT *\nFROM `...', Array, false)
#4 /var/www/html/system/Model.php(242): CodeIgniter\Database\BaseBuilder->get()
#5 /var/www/html/system/BaseModel.php(638): CodeIgniter\Model->doFindAll(0, 0)
#6 /var/www/html/app/Controllers/Kodepos.php(14): CodeIgniter\BaseModel->findAll()
#7 /var/www/html/system/CodeIgniter.php(941): App\Controllers\Kodepos->index()
#8 /var/www/html/system/CodeIgniter.php(502): CodeIgniter\CodeIgniter->runController(Object(App\Controllers\Kodepos))
#9 /var/www/html/system/CodeIgniter.php(361): CodeIgniter\CodeIgniter->handleRequest(NULL, Object(Config\Cache), false)
#10 /var/www/html/public/index.php(79): CodeIgniter\CodeIgniter->run()
#11 {main}

Next CodeIgniter\Database\Exceptions\DatabaseException: No such file or directory in /var/www/html/system/Database/MySQLi/Connection.php:229
Stack trace:
#0 /var/www/html/system/Database/BaseConnection.php(392): CodeIgniter\Database\MySQLi\Connection->connect(false)
#1 /var/www/html/system/Database/BaseConnection.php(575): CodeIgniter\Database\BaseConnection->initialize()
#2 /var/www/html/system/Database/BaseBuilder.php(1616): CodeIgniter\Database\BaseConnection->query('SELECT *\nFROM `...', Array, false)
#3 /var/www/html/system/Model.php(242): CodeIgniter\Database\BaseBuilder->get()
#4 /var/www/html/system/BaseModel.php(638): CodeIgniter\Model->doFindAll(0, 0)
#5 /var/www/html/app/Controllers/Kodepos.php(14): CodeIgniter\BaseModel->findAll()
#6 /var/www/html/system/CodeIgniter.php(941): App\Controllers\Kodepos->index()
#7 /var/www/html/system/CodeIgniter.php(502): CodeIgniter\CodeIgniter->runController(Object(App\Controllers\Kodepos))
#8 /var/www/html/system/CodeIgniter.php(361): CodeIgniter\CodeIgniter->handleRequest(NULL, Object(Config\Cache), false)
#9 /var/www/html/public/index.php(79): CodeIgniter\CodeIgniter->run()
#10 {main}
CRITICAL - 2024-02-22 13:54:08 --> CodeIgniter\Database\Exceptions\DatabaseException: Unable to connect to the database.
Main connection [MySQLi]: No such file or directory
in SYSTEMPATH/Database/BaseConnection.php on line 428.
 1 SYSTEMPATH/Database/BaseConnection.php(575): CodeIgniter\Database\BaseConnection->initialize()
 2 SYSTEMPATH/Database/BaseBuilder.php(1616): CodeIgniter\Database\BaseConnection->query('SELECT *
FROM `kodepos`', [], false)
 3 SYSTEMPATH/Model.php(242): CodeIgniter\Database\BaseBuilder->get()
 4 SYSTEMPATH/BaseModel.php(638): CodeIgniter\Model->doFindAll(0, 0)
 5 APPPATH/Controllers/Kodepos.php(14): CodeIgniter\BaseModel->findAll()
 6 SYSTEMPATH/CodeIgniter.php(941): App\Controllers\Kodepos->index()
 7 SYSTEMPATH/CodeIgniter.php(502): CodeIgniter\CodeIgniter->runController(Object(App\Controllers\Kodepos))
 8 SYSTEMPATH/CodeIgniter.php(361): CodeIgniter\CodeIgniter->handleRequest(null, Object(Config\Cache), false)
 9 FCPATH/index.php(79): CodeIgniter\CodeIgniter->run()
ERROR - 2024-02-22 13:56:27 --> Error connecting to the database: mysqli_sql_exception: Connection refused in /var/www/html/system/Database/MySQLi/Connection.php:184
Stack trace:
#0 /var/www/html/system/Database/MySQLi/Connection.php(184): mysqli->real_connect('127.0.0.1', 'root', Object(SensitiveParameterValue), 'restapi', 3306, '', 0)
#1 /var/www/html/system/Database/BaseConnection.php(392): CodeIgniter\Database\MySQLi\Connection->connect(false)
#2 /var/www/html/system/Database/BaseConnection.php(575): CodeIgniter\Database\BaseConnection->initialize()
#3 /var/www/html/system/Database/BaseBuilder.php(1616): CodeIgniter\Database\BaseConnection->query('SELECT *\nFROM `...', Array, false)
#4 /var/www/html/system/Model.php(242): CodeIgniter\Database\BaseBuilder->get()
#5 /var/www/html/system/BaseModel.php(638): CodeIgniter\Model->doFindAll(0, 0)
#6 /var/www/html/app/Controllers/Kodepos.php(14): CodeIgniter\BaseModel->findAll()
#7 /var/www/html/system/CodeIgniter.php(941): App\Controllers\Kodepos->index()
#8 /var/www/html/system/CodeIgniter.php(502): CodeIgniter\CodeIgniter->runController(Object(App\Controllers\Kodepos))
#9 /var/www/html/system/CodeIgniter.php(361): CodeIgniter\CodeIgniter->handleRequest(NULL, Object(Config\Cache), false)
#10 /var/www/html/public/index.php(79): CodeIgniter\CodeIgniter->run()
#11 {main}

Next CodeIgniter\Database\Exceptions\DatabaseException: Connection refused in /var/www/html/system/Database/MySQLi/Connection.php:229
Stack trace:
#0 /var/www/html/system/Database/BaseConnection.php(392): CodeIgniter\Database\MySQLi\Connection->connect(false)
#1 /var/www/html/system/Database/BaseConnection.php(575): CodeIgniter\Database\BaseConnection->initialize()
#2 /var/www/html/system/Database/BaseBuilder.php(1616): CodeIgniter\Database\BaseConnection->query('SELECT *\nFROM `...', Array, false)
#3 /var/www/html/system/Model.php(242): CodeIgniter\Database\BaseBuilder->get()
#4 /var/www/html/system/BaseModel.php(638): CodeIgniter\Model->doFindAll(0, 0)
#5 /var/www/html/app/Controllers/Kodepos.php(14): CodeIgniter\BaseModel->findAll()
#6 /var/www/html/system/CodeIgniter.php(941): App\Controllers\Kodepos->index()
#7 /var/www/html/system/CodeIgniter.php(502): CodeIgniter\CodeIgniter->runController(Object(App\Controllers\Kodepos))
#8 /var/www/html/system/CodeIgniter.php(361): CodeIgniter\CodeIgniter->handleRequest(NULL, Object(Config\Cache), false)
#9 /var/www/html/public/index.php(79): CodeIgniter\CodeIgniter->run()
#10 {main}
CRITICAL - 2024-02-22 13:56:27 --> CodeIgniter\Database\Exceptions\DatabaseException: Unable to connect to the database.
Main connection [MySQLi]: Connection refused
in SYSTEMPATH/Database/BaseConnection.php on line 428.
 1 SYSTEMPATH/Database/BaseConnection.php(575): CodeIgniter\Database\BaseConnection->initialize()
 2 SYSTEMPATH/Database/BaseBuilder.php(1616): CodeIgniter\Database\BaseConnection->query('SELECT *
FROM `kodepos`', [], false)
 3 SYSTEMPATH/Model.php(242): CodeIgniter\Database\BaseBuilder->get()
 4 SYSTEMPATH/BaseModel.php(638): CodeIgniter\Model->doFindAll(0, 0)
 5 APPPATH/Controllers/Kodepos.php(14): CodeIgniter\BaseModel->findAll()
 6 SYSTEMPATH/CodeIgniter.php(941): App\Controllers\Kodepos->index()
 7 SYSTEMPATH/CodeIgniter.php(502): CodeIgniter\CodeIgniter->runController(Object(App\Controllers\Kodepos))
 8 SYSTEMPATH/CodeIgniter.php(361): CodeIgniter\CodeIgniter->handleRequest(null, Object(Config\Cache), false)
 9 FCPATH/index.php(79): CodeIgniter\CodeIgniter->run()
ERROR - 2024-02-22 13:58:31 --> Error connecting to the database: mysqli_sql_exception: No such file or directory in /var/www/html/system/Database/MySQLi/Connection.php:184
Stack trace:
#0 /var/www/html/system/Database/MySQLi/Connection.php(184): mysqli->real_connect('localhost', 'root', Object(SensitiveParameterValue), 'restapi', 3306, '', 0)
#1 /var/www/html/system/Database/BaseConnection.php(392): CodeIgniter\Database\MySQLi\Connection->connect(false)
#2 /var/www/html/system/Database/BaseConnection.php(575): CodeIgniter\Database\BaseConnection->initialize()
#3 /var/www/html/system/Database/BaseBuilder.php(1616): CodeIgniter\Database\BaseConnection->query('SELECT *\nFROM `...', Array, false)
#4 /var/www/html/system/Model.php(242): CodeIgniter\Database\BaseBuilder->get()
#5 /var/www/html/system/BaseModel.php(638): CodeIgniter\Model->doFindAll(0, 0)
#6 /var/www/html/app/Controllers/Kodepos.php(14): CodeIgniter\BaseModel->findAll()
#7 /var/www/html/system/CodeIgniter.php(941): App\Controllers\Kodepos->index()
#8 /var/www/html/system/CodeIgniter.php(502): CodeIgniter\CodeIgniter->runController(Object(App\Controllers\Kodepos))
#9 /var/www/html/system/CodeIgniter.php(361): CodeIgniter\CodeIgniter->handleRequest(NULL, Object(Config\Cache), false)
#10 /var/www/html/public/index.php(79): CodeIgniter\CodeIgniter->run()
#11 {main}

Next CodeIgniter\Database\Exceptions\DatabaseException: No such file or directory in /var/www/html/system/Database/MySQLi/Connection.php:229
Stack trace:
#0 /var/www/html/system/Database/BaseConnection.php(392): CodeIgniter\Database\MySQLi\Connection->connect(false)
#1 /var/www/html/system/Database/BaseConnection.php(575): CodeIgniter\Database\BaseConnection->initialize()
#2 /var/www/html/system/Database/BaseBuilder.php(1616): CodeIgniter\Database\BaseConnection->query('SELECT *\nFROM `...', Array, false)
#3 /var/www/html/system/Model.php(242): CodeIgniter\Database\BaseBuilder->get()
#4 /var/www/html/system/BaseModel.php(638): CodeIgniter\Model->doFindAll(0, 0)
#5 /var/www/html/app/Controllers/Kodepos.php(14): CodeIgniter\BaseModel->findAll()
#6 /var/www/html/system/CodeIgniter.php(941): App\Controllers\Kodepos->index()
#7 /var/www/html/system/CodeIgniter.php(502): CodeIgniter\CodeIgniter->runController(Object(App\Controllers\Kodepos))
#8 /var/www/html/system/CodeIgniter.php(361): CodeIgniter\CodeIgniter->handleRequest(NULL, Object(Config\Cache), false)
#9 /var/www/html/public/index.php(79): CodeIgniter\CodeIgniter->run()
#10 {main}
CRITICAL - 2024-02-22 13:58:31 --> CodeIgniter\Database\Exceptions\DatabaseException: Unable to connect to the database.
Main connection [MySQLi]: No such file or directory
in SYSTEMPATH/Database/BaseConnection.php on line 428.
 1 SYSTEMPATH/Database/BaseConnection.php(575): CodeIgniter\Database\BaseConnection->initialize()
 2 SYSTEMPATH/Database/BaseBuilder.php(1616): CodeIgniter\Database\BaseConnection->query('SELECT *
FROM `kodepos`', [], false)
 3 SYSTEMPATH/Model.php(242): CodeIgniter\Database\BaseBuilder->get()
 4 SYSTEMPATH/BaseModel.php(638): CodeIgniter\Model->doFindAll(0, 0)
 5 APPPATH/Controllers/Kodepos.php(14): CodeIgniter\BaseModel->findAll()
 6 SYSTEMPATH/CodeIgniter.php(941): App\Controllers\Kodepos->index()
 7 SYSTEMPATH/CodeIgniter.php(502): CodeIgniter\CodeIgniter->runController(Object(App\Controllers\Kodepos))
 8 SYSTEMPATH/CodeIgniter.php(361): CodeIgniter\CodeIgniter->handleRequest(null, Object(Config\Cache), false)
 9 FCPATH/index.php(79): CodeIgniter\CodeIgniter->run()
ERROR - 2024-02-22 13:58:40 --> Error connecting to the database: mysqli_sql_exception: No such file or directory in /var/www/html/system/Database/MySQLi/Connection.php:184
Stack trace:
#0 /var/www/html/system/Database/MySQLi/Connection.php(184): mysqli->real_connect('localhost', 'root', Object(SensitiveParameterValue), 'restapi', 3306, '', 0)
#1 /var/www/html/system/Database/BaseConnection.php(392): CodeIgniter\Database\MySQLi\Connection->connect(false)
#2 /var/www/html/system/Database/BaseConnection.php(575): CodeIgniter\Database\BaseConnection->initialize()
#3 /var/www/html/system/Database/BaseBuilder.php(1616): CodeIgniter\Database\BaseConnection->query('SELECT *\nFROM `...', Array, false)
#4 /var/www/html/system/Model.php(242): CodeIgniter\Database\BaseBuilder->get()
#5 /var/www/html/system/BaseModel.php(638): CodeIgniter\Model->doFindAll(0, 0)
#6 /var/www/html/app/Controllers/Kodepos.php(14): CodeIgniter\BaseModel->findAll()
#7 /var/www/html/system/CodeIgniter.php(941): App\Controllers\Kodepos->index()
#8 /var/www/html/system/CodeIgniter.php(502): CodeIgniter\CodeIgniter->runController(Object(App\Controllers\Kodepos))
#9 /var/www/html/system/CodeIgniter.php(361): CodeIgniter\CodeIgniter->handleRequest(NULL, Object(Config\Cache), false)
#10 /var/www/html/public/index.php(79): CodeIgniter\CodeIgniter->run()
#11 {main}

Next CodeIgniter\Database\Exceptions\DatabaseException: No such file or directory in /var/www/html/system/Database/MySQLi/Connection.php:229
Stack trace:
#0 /var/www/html/system/Database/BaseConnection.php(392): CodeIgniter\Database\MySQLi\Connection->connect(false)
#1 /var/www/html/system/Database/BaseConnection.php(575): CodeIgniter\Database\BaseConnection->initialize()
#2 /var/www/html/system/Database/BaseBuilder.php(1616): CodeIgniter\Database\BaseConnection->query('SELECT *\nFROM `...', Array, false)
#3 /var/www/html/system/Model.php(242): CodeIgniter\Database\BaseBuilder->get()
#4 /var/www/html/system/BaseModel.php(638): CodeIgniter\Model->doFindAll(0, 0)
#5 /var/www/html/app/Controllers/Kodepos.php(14): CodeIgniter\BaseModel->findAll()
#6 /var/www/html/system/CodeIgniter.php(941): App\Controllers\Kodepos->index()
#7 /var/www/html/system/CodeIgniter.php(502): CodeIgniter\CodeIgniter->runController(Object(App\Controllers\Kodepos))
#8 /var/www/html/system/CodeIgniter.php(361): CodeIgniter\CodeIgniter->handleRequest(NULL, Object(Config\Cache), false)
#9 /var/www/html/public/index.php(79): CodeIgniter\CodeIgniter->run()
#10 {main}
CRITICAL - 2024-02-22 13:58:40 --> CodeIgniter\Database\Exceptions\DatabaseException: Unable to connect to the database.
Main connection [MySQLi]: No such file or directory
in SYSTEMPATH/Database/BaseConnection.php on line 428.
 1 SYSTEMPATH/Database/BaseConnection.php(575): CodeIgniter\Database\BaseConnection->initialize()
 2 SYSTEMPATH/Database/BaseBuilder.php(1616): CodeIgniter\Database\BaseConnection->query('SELECT *
FROM `kodepos`', [], false)
 3 SYSTEMPATH/Model.php(242): CodeIgniter\Database\BaseBuilder->get()
 4 SYSTEMPATH/BaseModel.php(638): CodeIgniter\Model->doFindAll(0, 0)
 5 APPPATH/Controllers/Kodepos.php(14): CodeIgniter\BaseModel->findAll()
 6 SYSTEMPATH/CodeIgniter.php(941): App\Controllers\Kodepos->index()
 7 SYSTEMPATH/CodeIgniter.php(502): CodeIgniter\CodeIgniter->runController(Object(App\Controllers\Kodepos))
 8 SYSTEMPATH/CodeIgniter.php(361): CodeIgniter\CodeIgniter->handleRequest(null, Object(Config\Cache), false)
 9 FCPATH/index.php(79): CodeIgniter\CodeIgniter->run()
ERROR - 2024-02-22 14:00:07 --> Error connecting to the database: mysqli_sql_exception: No such file or directory in /var/www/html/system/Database/MySQLi/Connection.php:184
Stack trace:
#0 /var/www/html/system/Database/MySQLi/Connection.php(184): mysqli->real_connect('localhost', 'root', Object(SensitiveParameterValue), 'restapi', 33060, '', 0)
#1 /var/www/html/system/Database/BaseConnection.php(392): CodeIgniter\Database\MySQLi\Connection->connect(false)
#2 /var/www/html/system/Database/BaseConnection.php(575): CodeIgniter\Database\BaseConnection->initialize()
#3 /var/www/html/system/Database/BaseBuilder.php(1616): CodeIgniter\Database\BaseConnection->query('SELECT *\nFROM `...', Array, false)
#4 /var/www/html/system/Model.php(242): CodeIgniter\Database\BaseBuilder->get()
#5 /var/www/html/system/BaseModel.php(638): CodeIgniter\Model->doFindAll(0, 0)
#6 /var/www/html/app/Controllers/Kodepos.php(14): CodeIgniter\BaseModel->findAll()
#7 /var/www/html/system/CodeIgniter.php(941): App\Controllers\Kodepos->index()
#8 /var/www/html/system/CodeIgniter.php(502): CodeIgniter\CodeIgniter->runController(Object(App\Controllers\Kodepos))
#9 /var/www/html/system/CodeIgniter.php(361): CodeIgniter\CodeIgniter->handleRequest(NULL, Object(Config\Cache), false)
#10 /var/www/html/public/index.php(79): CodeIgniter\CodeIgniter->run()
#11 {main}

Next CodeIgniter\Database\Exceptions\DatabaseException: No such file or directory in /var/www/html/system/Database/MySQLi/Connection.php:229
Stack trace:
#0 /var/www/html/system/Database/BaseConnection.php(392): CodeIgniter\Database\MySQLi\Connection->connect(false)
#1 /var/www/html/system/Database/BaseConnection.php(575): CodeIgniter\Database\BaseConnection->initialize()
#2 /var/www/html/system/Database/BaseBuilder.php(1616): CodeIgniter\Database\BaseConnection->query('SELECT *\nFROM `...', Array, false)
#3 /var/www/html/system/Model.php(242): CodeIgniter\Database\BaseBuilder->get()
#4 /var/www/html/system/BaseModel.php(638): CodeIgniter\Model->doFindAll(0, 0)
#5 /var/www/html/app/Controllers/Kodepos.php(14): CodeIgniter\BaseModel->findAll()
#6 /var/www/html/system/CodeIgniter.php(941): App\Controllers\Kodepos->index()
#7 /var/www/html/system/CodeIgniter.php(502): CodeIgniter\CodeIgniter->runController(Object(App\Controllers\Kodepos))
#8 /var/www/html/system/CodeIgniter.php(361): CodeIgniter\CodeIgniter->handleRequest(NULL, Object(Config\Cache), false)
#9 /var/www/html/public/index.php(79): CodeIgniter\CodeIgniter->run()
#10 {main}
CRITICAL - 2024-02-22 14:00:07 --> CodeIgniter\Database\Exceptions\DatabaseException: Unable to connect to the database.
Main connection [MySQLi]: No such file or directory
in SYSTEMPATH/Database/BaseConnection.php on line 428.
 1 SYSTEMPATH/Database/BaseConnection.php(575): CodeIgniter\Database\BaseConnection->initialize()
 2 SYSTEMPATH/Database/BaseBuilder.php(1616): CodeIgniter\Database\BaseConnection->query('SELECT *
FROM `kodepos`', [], false)
 3 SYSTEMPATH/Model.php(242): CodeIgniter\Database\BaseBuilder->get()
 4 SYSTEMPATH/BaseModel.php(638): CodeIgniter\Model->doFindAll(0, 0)
 5 APPPATH/Controllers/Kodepos.php(14): CodeIgniter\BaseModel->findAll()
 6 SYSTEMPATH/CodeIgniter.php(941): App\Controllers\Kodepos->index()
 7 SYSTEMPATH/CodeIgniter.php(502): CodeIgniter\CodeIgniter->runController(Object(App\Controllers\Kodepos))
 8 SYSTEMPATH/CodeIgniter.php(361): CodeIgniter\CodeIgniter->handleRequest(null, Object(Config\Cache), false)
 9 FCPATH/index.php(79): CodeIgniter\CodeIgniter->run()
ERROR - 2024-02-22 14:00:10 --> Error connecting to the database: mysqli_sql_exception: No such file or directory in /var/www/html/system/Database/MySQLi/Connection.php:184
Stack trace:
#0 /var/www/html/system/Database/MySQLi/Connection.php(184): mysqli->real_connect('localhost', 'root', Object(SensitiveParameterValue), 'restapi', 33060, '', 0)
#1 /var/www/html/system/Database/BaseConnection.php(392): CodeIgniter\Database\MySQLi\Connection->connect(false)
#2 /var/www/html/system/Database/BaseConnection.php(575): CodeIgniter\Database\BaseConnection->initialize()
#3 /var/www/html/system/Database/BaseBuilder.php(1616): CodeIgniter\Database\BaseConnection->query('SELECT *\nFROM `...', Array, false)
#4 /var/www/html/system/Model.php(242): CodeIgniter\Database\BaseBuilder->get()
#5 /var/www/html/system/BaseModel.php(638): CodeIgniter\Model->doFindAll(0, 0)
#6 /var/www/html/app/Controllers/Kodepos.php(14): CodeIgniter\BaseModel->findAll()
#7 /var/www/html/system/CodeIgniter.php(941): App\Controllers\Kodepos->index()
#8 /var/www/html/system/CodeIgniter.php(502): CodeIgniter\CodeIgniter->runController(Object(App\Controllers\Kodepos))
#9 /var/www/html/system/CodeIgniter.php(361): CodeIgniter\CodeIgniter->handleRequest(NULL, Object(Config\Cache), false)
#10 /var/www/html/public/index.php(79): CodeIgniter\CodeIgniter->run()
#11 {main}

Next CodeIgniter\Database\Exceptions\DatabaseException: No such file or directory in /var/www/html/system/Database/MySQLi/Connection.php:229
Stack trace:
#0 /var/www/html/system/Database/BaseConnection.php(392): CodeIgniter\Database\MySQLi\Connection->connect(false)
#1 /var/www/html/system/Database/BaseConnection.php(575): CodeIgniter\Database\BaseConnection->initialize()
#2 /var/www/html/system/Database/BaseBuilder.php(1616): CodeIgniter\Database\BaseConnection->query('SELECT *\nFROM `...', Array, false)
#3 /var/www/html/system/Model.php(242): CodeIgniter\Database\BaseBuilder->get()
#4 /var/www/html/system/BaseModel.php(638): CodeIgniter\Model->doFindAll(0, 0)
#5 /var/www/html/app/Controllers/Kodepos.php(14): CodeIgniter\BaseModel->findAll()
#6 /var/www/html/system/CodeIgniter.php(941): App\Controllers\Kodepos->index()
#7 /var/www/html/system/CodeIgniter.php(502): CodeIgniter\CodeIgniter->runController(Object(App\Controllers\Kodepos))
#8 /var/www/html/system/CodeIgniter.php(361): CodeIgniter\CodeIgniter->handleRequest(NULL, Object(Config\Cache), false)
#9 /var/www/html/public/index.php(79): CodeIgniter\CodeIgniter->run()
#10 {main}
CRITICAL - 2024-02-22 14:00:10 --> CodeIgniter\Database\Exceptions\DatabaseException: Unable to connect to the database.
Main connection [MySQLi]: No such file or directory
in SYSTEMPATH/Database/BaseConnection.php on line 428.
 1 SYSTEMPATH/Database/BaseConnection.php(575): CodeIgniter\Database\BaseConnection->initialize()
 2 SYSTEMPATH/Database/BaseBuilder.php(1616): CodeIgniter\Database\BaseConnection->query('SELECT *
FROM `kodepos`', [], false)
 3 SYSTEMPATH/Model.php(242): CodeIgniter\Database\BaseBuilder->get()
 4 SYSTEMPATH/BaseModel.php(638): CodeIgniter\Model->doFindAll(0, 0)
 5 APPPATH/Controllers/Kodepos.php(14): CodeIgniter\BaseModel->findAll()
 6 SYSTEMPATH/CodeIgniter.php(941): App\Controllers\Kodepos->index()
 7 SYSTEMPATH/CodeIgniter.php(502): CodeIgniter\CodeIgniter->runController(Object(App\Controllers\Kodepos))
 8 SYSTEMPATH/CodeIgniter.php(361): CodeIgniter\CodeIgniter->handleRequest(null, Object(Config\Cache), false)
 9 FCPATH/index.php(79): CodeIgniter\CodeIgniter->run()
ERROR - 2024-02-22 14:00:22 --> Error connecting to the database: mysqli_sql_exception: Connection refused in /var/www/html/system/Database/MySQLi/Connection.php:184
Stack trace:
#0 /var/www/html/system/Database/MySQLi/Connection.php(184): mysqli->real_connect('127.0.0.1', 'root', Object(SensitiveParameterValue), 'restapi', 33060, '', 0)
#1 /var/www/html/system/Database/BaseConnection.php(392): CodeIgniter\Database\MySQLi\Connection->connect(false)
#2 /var/www/html/system/Database/BaseConnection.php(575): CodeIgniter\Database\BaseConnection->initialize()
#3 /var/www/html/system/Database/BaseBuilder.php(1616): CodeIgniter\Database\BaseConnection->query('SELECT *\nFROM `...', Array, false)
#4 /var/www/html/system/Model.php(242): CodeIgniter\Database\BaseBuilder->get()
#5 /var/www/html/system/BaseModel.php(638): CodeIgniter\Model->doFindAll(0, 0)
#6 /var/www/html/app/Controllers/Kodepos.php(14): CodeIgniter\BaseModel->findAll()
#7 /var/www/html/system/CodeIgniter.php(941): App\Controllers\Kodepos->index()
#8 /var/www/html/system/CodeIgniter.php(502): CodeIgniter\CodeIgniter->runController(Object(App\Controllers\Kodepos))
#9 /var/www/html/system/CodeIgniter.php(361): CodeIgniter\CodeIgniter->handleRequest(NULL, Object(Config\Cache), false)
#10 /var/www/html/public/index.php(79): CodeIgniter\CodeIgniter->run()
#11 {main}

Next CodeIgniter\Database\Exceptions\DatabaseException: Connection refused in /var/www/html/system/Database/MySQLi/Connection.php:229
Stack trace:
#0 /var/www/html/system/Database/BaseConnection.php(392): CodeIgniter\Database\MySQLi\Connection->connect(false)
#1 /var/www/html/system/Database/BaseConnection.php(575): CodeIgniter\Database\BaseConnection->initialize()
#2 /var/www/html/system/Database/BaseBuilder.php(1616): CodeIgniter\Database\BaseConnection->query('SELECT *\nFROM `...', Array, false)
#3 /var/www/html/system/Model.php(242): CodeIgniter\Database\BaseBuilder->get()
#4 /var/www/html/system/BaseModel.php(638): CodeIgniter\Model->doFindAll(0, 0)
#5 /var/www/html/app/Controllers/Kodepos.php(14): CodeIgniter\BaseModel->findAll()
#6 /var/www/html/system/CodeIgniter.php(941): App\Controllers\Kodepos->index()
#7 /var/www/html/system/CodeIgniter.php(502): CodeIgniter\CodeIgniter->runController(Object(App\Controllers\Kodepos))
#8 /var/www/html/system/CodeIgniter.php(361): CodeIgniter\CodeIgniter->handleRequest(NULL, Object(Config\Cache), false)
#9 /var/www/html/public/index.php(79): CodeIgniter\CodeIgniter->run()
#10 {main}
CRITICAL - 2024-02-22 14:00:22 --> CodeIgniter\Database\Exceptions\DatabaseException: Unable to connect to the database.
Main connection [MySQLi]: Connection refused
in SYSTEMPATH/Database/BaseConnection.php on line 428.
 1 SYSTEMPATH/Database/BaseConnection.php(575): CodeIgniter\Database\BaseConnection->initialize()
 2 SYSTEMPATH/Database/BaseBuilder.php(1616): CodeIgniter\Database\BaseConnection->query('SELECT *
FROM `kodepos`', [], false)
 3 SYSTEMPATH/Model.php(242): CodeIgniter\Database\BaseBuilder->get()
 4 SYSTEMPATH/BaseModel.php(638): CodeIgniter\Model->doFindAll(0, 0)
 5 APPPATH/Controllers/Kodepos.php(14): CodeIgniter\BaseModel->findAll()
 6 SYSTEMPATH/CodeIgniter.php(941): App\Controllers\Kodepos->index()
 7 SYSTEMPATH/CodeIgniter.php(502): CodeIgniter\CodeIgniter->runController(Object(App\Controllers\Kodepos))
 8 SYSTEMPATH/CodeIgniter.php(361): CodeIgniter\CodeIgniter->handleRequest(null, Object(Config\Cache), false)
 9 FCPATH/index.php(79): CodeIgniter\CodeIgniter->run()
CRITICAL - 2024-02-22 14:37:37 --> ErrorException: Undefined property: App\Controllers\Kodepos::$model
in APPPATH/Controllers/Kodepos.php on line 19.
 1 APPPATH/Controllers/Kodepos.php(19): CodeIgniter\Debug\Exceptions->errorHandler(2, 'Undefined property: App\\Controllers\\Kodepos::$model', '/var/www/html/app/Controllers/Kodepos.php', 19)
 2 SYSTEMPATH/CodeIgniter.php(941): App\Controllers\Kodepos->show('kota', 'sleman')
 3 SYSTEMPATH/CodeIgniter.php(502): CodeIgniter\CodeIgniter->runController(Object(App\Controllers\Kodepos))
 4 SYSTEMPATH/CodeIgniter.php(361): CodeIgniter\CodeIgniter->handleRequest(null, Object(Config\Cache), false)
 5 FCPATH/index.php(79): CodeIgniter\CodeIgniter->run()
WARNING - 2024-02-22 14:43:43 --> [DEPRECATED] Creation of dynamic property App\Controllers\Kodepos::$model is deprecated in APPPATH/Controllers/Kodepos.php on line 13.
 1 SYSTEMPATH/CodeIgniter.php(913): App\Controllers\Kodepos->__construct()
 2 SYSTEMPATH/CodeIgniter.php(493): CodeIgniter\CodeIgniter->createController()
 3 SYSTEMPATH/CodeIgniter.php(361): CodeIgniter\CodeIgniter->handleRequest(null, Object(Config\Cache), false)
 4 FCPATH/index.php(79): CodeIgniter\CodeIgniter->run()
WARNING - 2024-02-22 14:44:14 --> [DEPRECATED] Creation of dynamic property App\Controllers\Kodepos::$model is deprecated in APPPATH/Controllers/Kodepos.php on line 13.
 1 SYSTEMPATH/CodeIgniter.php(913): App\Controllers\Kodepos->__construct()
 2 SYSTEMPATH/CodeIgniter.php(493): CodeIgniter\CodeIgniter->createController()
 3 SYSTEMPATH/CodeIgniter.php(361): CodeIgniter\CodeIgniter->handleRequest(null, Object(Config\Cache), false)
 4 FCPATH/index.php(79): CodeIgniter\CodeIgniter->run()
WARNING - 2024-02-22 14:44:33 --> [DEPRECATED] Creation of dynamic property App\Controllers\Kodepos::$model is deprecated in APPPATH/Controllers/Kodepos.php on line 13.
 1 SYSTEMPATH/CodeIgniter.php(913): App\Controllers\Kodepos->__construct()
 2 SYSTEMPATH/CodeIgniter.php(493): CodeIgniter\CodeIgniter->createController()
 3 SYSTEMPATH/CodeIgniter.php(361): CodeIgniter\CodeIgniter->handleRequest(null, Object(Config\Cache), false)
 4 FCPATH/index.php(79): CodeIgniter\CodeIgniter->run()
WARNING - 2024-02-22 14:44:35 --> [DEPRECATED] Creation of dynamic property App\Controllers\Kodepos::$model is deprecated in APPPATH/Controllers/Kodepos.php on line 13.
 1 SYSTEMPATH/CodeIgniter.php(913): App\Controllers\Kodepos->__construct()
 2 SYSTEMPATH/CodeIgniter.php(493): CodeIgniter\CodeIgniter->createController()
 3 SYSTEMPATH/CodeIgniter.php(361): CodeIgniter\CodeIgniter->handleRequest(null, Object(Config\Cache), false)
 4 FCPATH/index.php(79): CodeIgniter\CodeIgniter->run()
WARNING - 2024-02-22 14:44:51 --> [DEPRECATED] Creation of dynamic property App\Controllers\Kodepos::$model is deprecated in APPPATH/Controllers/Kodepos.php on line 13.
 1 SYSTEMPATH/CodeIgniter.php(913): App\Controllers\Kodepos->__construct()
 2 SYSTEMPATH/CodeIgniter.php(493): CodeIgniter\CodeIgniter->createController()
 3 SYSTEMPATH/CodeIgniter.php(361): CodeIgniter\CodeIgniter->handleRequest(null, Object(Config\Cache), false)
 4 FCPATH/index.php(79): CodeIgniter\CodeIgniter->run()
WARNING - 2024-02-22 14:47:01 --> [DEPRECATED] Creation of dynamic property App\Controllers\Kodepos::$model is deprecated in APPPATH/Controllers/Kodepos.php on line 13.
 1 SYSTEMPATH/CodeIgniter.php(913): App\Controllers\Kodepos->__construct()
 2 SYSTEMPATH/CodeIgniter.php(493): CodeIgniter\CodeIgniter->createController()
 3 SYSTEMPATH/CodeIgniter.php(361): CodeIgniter\CodeIgniter->handleRequest(null, Object(Config\Cache), false)
 4 FCPATH/index.php(79): CodeIgniter\CodeIgniter->run()
WARNING - 2024-02-22 14:47:05 --> [DEPRECATED] Creation of dynamic property App\Controllers\Kodepos::$model is deprecated in APPPATH/Controllers/Kodepos.php on line 13.
 1 SYSTEMPATH/CodeIgniter.php(913): App\Controllers\Kodepos->__construct()
 2 SYSTEMPATH/CodeIgniter.php(493): CodeIgniter\CodeIgniter->createController()
 3 SYSTEMPATH/CodeIgniter.php(361): CodeIgniter\CodeIgniter->handleRequest(null, Object(Config\Cache), false)
 4 FCPATH/index.php(79): CodeIgniter\CodeIgniter->run()
WARNING - 2024-02-22 14:47:36 --> [DEPRECATED] Creation of dynamic property App\Controllers\Kodepos::$model is deprecated in APPPATH/Controllers/Kodepos.php on line 13.
 1 SYSTEMPATH/CodeIgniter.php(913): App\Controllers\Kodepos->__construct()
 2 SYSTEMPATH/CodeIgniter.php(493): CodeIgniter\CodeIgniter->createController()
 3 SYSTEMPATH/CodeIgniter.php(361): CodeIgniter\CodeIgniter->handleRequest(null, Object(Config\Cache), false)
 4 FCPATH/index.php(79): CodeIgniter\CodeIgniter->run()
WARNING - 2024-02-22 14:50:58 --> [DEPRECATED] Creation of dynamic property App\Controllers\Kodepos::$model is deprecated in APPPATH/Controllers/KodePos.php on line 13.
 1 SYSTEMPATH/CodeIgniter.php(913): App\Controllers\Kodepos->__construct()
 2 SYSTEMPATH/CodeIgniter.php(493): CodeIgniter\CodeIgniter->createController()
 3 SYSTEMPATH/CodeIgniter.php(361): CodeIgniter\CodeIgniter->handleRequest(null, Object(Config\Cache), false)
 4 FCPATH/index.php(79): CodeIgniter\CodeIgniter->run()
WARNING - 2024-02-22 14:51:12 --> [DEPRECATED] Creation of dynamic property App\Controllers\Kodepos::$model is deprecated in APPPATH/Controllers/KodePos.php on line 13.
 1 SYSTEMPATH/CodeIgniter.php(913): App\Controllers\Kodepos->__construct()
 2 SYSTEMPATH/CodeIgniter.php(493): CodeIgniter\CodeIgniter->createController()
 3 SYSTEMPATH/CodeIgniter.php(361): CodeIgniter\CodeIgniter->handleRequest(null, Object(Config\Cache), false)
 4 FCPATH/index.php(79): CodeIgniter\CodeIgniter->run()
WARNING - 2024-02-22 14:52:08 --> [DEPRECATED] Creation of dynamic property App\Controllers\Kodepos::$model is deprecated in APPPATH/Controllers/KodePos.php on line 13.
 1 SYSTEMPATH/CodeIgniter.php(913): App\Controllers\Kodepos->__construct()
 2 SYSTEMPATH/CodeIgniter.php(493): CodeIgniter\CodeIgniter->createController()
 3 SYSTEMPATH/CodeIgniter.php(361): CodeIgniter\CodeIgniter->handleRequest(null, Object(Config\Cache), false)
 4 FCPATH/index.php(79): CodeIgniter\CodeIgniter->run()
WARNING - 2024-02-22 14:52:50 --> [DEPRECATED] Creation of dynamic property App\Controllers\Kodepos::$model is deprecated in APPPATH/Controllers/KodePos.php on line 13.
 1 SYSTEMPATH/CodeIgniter.php(913): App\Controllers\Kodepos->__construct()
 2 SYSTEMPATH/CodeIgniter.php(493): CodeIgniter\CodeIgniter->createController()
 3 SYSTEMPATH/CodeIgniter.php(361): CodeIgniter\CodeIgniter->handleRequest(null, Object(Config\Cache), false)
 4 FCPATH/index.php(79): CodeIgniter\CodeIgniter->run()
WARNING - 2024-02-22 14:53:01 --> [DEPRECATED] Creation of dynamic property App\Controllers\Kodepos::$model is deprecated in APPPATH/Controllers/KodePos.php on line 13.
 1 SYSTEMPATH/CodeIgniter.php(913): App\Controllers\Kodepos->__construct()
 2 SYSTEMPATH/CodeIgniter.php(493): CodeIgniter\CodeIgniter->createController()
 3 SYSTEMPATH/CodeIgniter.php(361): CodeIgniter\CodeIgniter->handleRequest(null, Object(Config\Cache), false)
 4 FCPATH/index.php(79): CodeIgniter\CodeIgniter->run()
WARNING - 2024-02-22 14:53:23 --> [DEPRECATED] Creation of dynamic property App\Controllers\Kodepos::$model is deprecated in APPPATH/Controllers/KodePos.php on line 13.
 1 SYSTEMPATH/CodeIgniter.php(913): App\Controllers\Kodepos->__construct()
 2 SYSTEMPATH/CodeIgniter.php(493): CodeIgniter\CodeIgniter->createController()
 3 SYSTEMPATH/CodeIgniter.php(361): CodeIgniter\CodeIgniter->handleRequest(null, Object(Config\Cache), false)
 4 FCPATH/index.php(79): CodeIgniter\CodeIgniter->run()
WARNING - 2024-02-22 14:55:38 --> [DEPRECATED] Creation of dynamic property App\Controllers\Kodepos::$model is deprecated in APPPATH/Controllers/KodePos.php on line 13.
 1 SYSTEMPATH/CodeIgniter.php(913): App\Controllers\Kodepos->__construct()
 2 SYSTEMPATH/CodeIgniter.php(493): CodeIgniter\CodeIgniter->createController()
 3 SYSTEMPATH/CodeIgniter.php(361): CodeIgniter\CodeIgniter->handleRequest(null, Object(Config\Cache), false)
 4 FCPATH/index.php(79): CodeIgniter\CodeIgniter->run()
WARNING - 2024-02-22 14:55:43 --> [DEPRECATED] Creation of dynamic property App\Controllers\Kodepos::$model is deprecated in APPPATH/Controllers/KodePos.php on line 13.
 1 SYSTEMPATH/CodeIgniter.php(913): App\Controllers\Kodepos->__construct()
 2 SYSTEMPATH/CodeIgniter.php(493): CodeIgniter\CodeIgniter->createController()
 3 SYSTEMPATH/CodeIgniter.php(361): CodeIgniter\CodeIgniter->handleRequest(null, Object(Config\Cache), false)
 4 FCPATH/index.php(79): CodeIgniter\CodeIgniter->run()
WARNING - 2024-02-22 14:55:55 --> [DEPRECATED] Creation of dynamic property App\Controllers\Kodepos::$model is deprecated in APPPATH/Controllers/KodePos.php on line 13.
 1 SYSTEMPATH/CodeIgniter.php(913): App\Controllers\Kodepos->__construct()
 2 SYSTEMPATH/CodeIgniter.php(493): CodeIgniter\CodeIgniter->createController()
 3 SYSTEMPATH/CodeIgniter.php(361): CodeIgniter\CodeIgniter->handleRequest(null, Object(Config\Cache), false)
 4 FCPATH/index.php(79): CodeIgniter\CodeIgniter->run()
WARNING - 2024-02-22 14:56:20 --> [DEPRECATED] Creation of dynamic property App\Controllers\Kodepos::$model is deprecated in APPPATH/Controllers/KodePos.php on line 13.
 1 SYSTEMPATH/CodeIgniter.php(913): App\Controllers\Kodepos->__construct()
 2 SYSTEMPATH/CodeIgniter.php(493): CodeIgniter\CodeIgniter->createController()
 3 SYSTEMPATH/CodeIgniter.php(361): CodeIgniter\CodeIgniter->handleRequest(null, Object(Config\Cache), false)
 4 FCPATH/index.php(79): CodeIgniter\CodeIgniter->run()
WARNING - 2024-02-22 14:57:08 --> [DEPRECATED] Creation of dynamic property App\Controllers\Kodepos::$model is deprecated in APPPATH/Controllers/KodePos.php on line 13.
 1 SYSTEMPATH/CodeIgniter.php(913): App\Controllers\Kodepos->__construct()
 2 SYSTEMPATH/CodeIgniter.php(493): CodeIgniter\CodeIgniter->createController()
 3 SYSTEMPATH/CodeIgniter.php(361): CodeIgniter\CodeIgniter->handleRequest(null, Object(Config\Cache), false)
 4 FCPATH/index.php(79): CodeIgniter\CodeIgniter->run()
ERROR - 2024-02-22 14:57:08 --> mysqli_sql_exception: Unknown column 'provinsi' in 'where clause' in /var/www/html/system/Database/MySQLi/Connection.php:306
Stack trace:
#0 /var/www/html/system/Database/MySQLi/Connection.php(306): mysqli->query('SELECT *\nFROM `...', 0)
#1 /var/www/html/system/Database/BaseConnection.php(693): CodeIgniter\Database\MySQLi\Connection->execute('SELECT *\nFROM `...')
#2 /var/www/html/system/Database/BaseConnection.php(607): CodeIgniter\Database\BaseConnection->simpleQuery('SELECT *\nFROM `...')
#3 /var/www/html/system/Database/BaseBuilder.php(1616): CodeIgniter\Database\BaseConnection->query('SELECT *\nFROM `...', Array, false)
#4 /var/www/html/system/Model.php(242): CodeIgniter\Database\BaseBuilder->get()
#5 /var/www/html/system/BaseModel.php(638): CodeIgniter\Model->doFindAll(0, 0)
#6 /var/www/html/app/Controllers/KodePos.php(22): CodeIgniter\BaseModel->findAll()
#7 /var/www/html/system/CodeIgniter.php(941): App\Controllers\Kodepos->provinsi('yogyakarta')
#8 /var/www/html/system/CodeIgniter.php(502): CodeIgniter\CodeIgniter->runController(Object(App\Controllers\Kodepos))
#9 /var/www/html/system/CodeIgniter.php(361): CodeIgniter\CodeIgniter->handleRequest(NULL, Object(Config\Cache), false)
#10 /var/www/html/public/index.php(79): CodeIgniter\CodeIgniter->run()
#11 {main}
CRITICAL - 2024-02-22 14:57:08 --> CodeIgniter\Database\Exceptions\DatabaseException: Unknown column 'provinsi' in 'where clause'
in SYSTEMPATH/Database/BaseConnection.php on line 647.
 1 SYSTEMPATH/Database/BaseBuilder.php(1616): CodeIgniter\Database\BaseConnection->query('SELECT *
FROM `kodepos`
WHERE `provinsi` = :provinsi:', [...], false)
 2 SYSTEMPATH/Model.php(242): CodeIgniter\Database\BaseBuilder->get()
 3 SYSTEMPATH/BaseModel.php(638): CodeIgniter\Model->doFindAll(0, 0)
 4 APPPATH/Controllers/KodePos.php(22): CodeIgniter\BaseModel->findAll()
 5 SYSTEMPATH/CodeIgniter.php(941): App\Controllers\Kodepos->provinsi('yogyakarta')
 6 SYSTEMPATH/CodeIgniter.php(502): CodeIgniter\CodeIgniter->runController(Object(App\Controllers\Kodepos))
 7 SYSTEMPATH/CodeIgniter.php(361): CodeIgniter\CodeIgniter->handleRequest(null, Object(Config\Cache), false)
 8 FCPATH/index.php(79): CodeIgniter\CodeIgniter->run()
CRITICAL - 2024-02-22 14:57:08 --> [Caused by] CodeIgniter\Database\Exceptions\DatabaseException: Unknown column 'provinsi' in 'where clause'
in SYSTEMPATH/Database/MySQLi/Connection.php on line 311.
 1 SYSTEMPATH/Database/BaseConnection.php(693): CodeIgniter\Database\MySQLi\Connection->execute('SELECT *
FROM `kodepos`
WHERE `provinsi` = \'yogyakarta\'')
 2 SYSTEMPATH/Database/BaseConnection.php(607): CodeIgniter\Database\BaseConnection->simpleQuery('SELECT *
FROM `kodepos`
WHERE `provinsi` = \'yogyakarta\'')
 3 SYSTEMPATH/Database/BaseBuilder.php(1616): CodeIgniter\Database\BaseConnection->query('SELECT *
FROM `kodepos`
WHERE `provinsi` = :provinsi:', [...], false)
 4 SYSTEMPATH/Model.php(242): CodeIgniter\Database\BaseBuilder->get()
 5 SYSTEMPATH/BaseModel.php(638): CodeIgniter\Model->doFindAll(0, 0)
 6 APPPATH/Controllers/KodePos.php(22): CodeIgniter\BaseModel->findAll()
 7 SYSTEMPATH/CodeIgniter.php(941): App\Controllers\Kodepos->provinsi('yogyakarta')
 8 SYSTEMPATH/CodeIgniter.php(502): CodeIgniter\CodeIgniter->runController(Object(App\Controllers\Kodepos))
 9 SYSTEMPATH/CodeIgniter.php(361): CodeIgniter\CodeIgniter->handleRequest(null, Object(Config\Cache), false)
10 FCPATH/index.php(79): CodeIgniter\CodeIgniter->run()
CRITICAL - 2024-02-22 14:57:08 --> [Caused by] mysqli_sql_exception: Unknown column 'provinsi' in 'where clause'
in SYSTEMPATH/Database/MySQLi/Connection.php on line 306.
 1 SYSTEMPATH/Database/MySQLi/Connection.php(306): mysqli->query('SELECT *
FROM `kodepos`
WHERE `provinsi` = \'yogyakarta\'', 0)
 2 SYSTEMPATH/Database/BaseConnection.php(693): CodeIgniter\Database\MySQLi\Connection->execute('SELECT *
FROM `kodepos`
WHERE `provinsi` = \'yogyakarta\'')
 3 SYSTEMPATH/Database/BaseConnection.php(607): CodeIgniter\Database\BaseConnection->simpleQuery('SELECT *
FROM `kodepos`
WHERE `provinsi` = \'yogyakarta\'')
 4 SYSTEMPATH/Database/BaseBuilder.php(1616): CodeIgniter\Database\BaseConnection->query('SELECT *
FROM `kodepos`
WHERE `provinsi` = :provinsi:', [...], false)
 5 SYSTEMPATH/Model.php(242): CodeIgniter\Database\BaseBuilder->get()
 6 SYSTEMPATH/BaseModel.php(638): CodeIgniter\Model->doFindAll(0, 0)
 7 APPPATH/Controllers/KodePos.php(22): CodeIgniter\BaseModel->findAll()
 8 SYSTEMPATH/CodeIgniter.php(941): App\Controllers\Kodepos->provinsi('yogyakarta')
 9 SYSTEMPATH/CodeIgniter.php(502): CodeIgniter\CodeIgniter->runController(Object(App\Controllers\Kodepos))
10 SYSTEMPATH/CodeIgniter.php(361): CodeIgniter\CodeIgniter->handleRequest(null, Object(Config\Cache), false)
11 FCPATH/index.php(79): CodeIgniter\CodeIgniter->run()
WARNING - 2024-02-22 14:57:21 --> [DEPRECATED] Creation of dynamic property App\Controllers\Kodepos::$model is deprecated in APPPATH/Controllers/KodePos.php on line 13.
 1 SYSTEMPATH/CodeIgniter.php(913): App\Controllers\Kodepos->__construct()
 2 SYSTEMPATH/CodeIgniter.php(493): CodeIgniter\CodeIgniter->createController()
 3 SYSTEMPATH/CodeIgniter.php(361): CodeIgniter\CodeIgniter->handleRequest(null, Object(Config\Cache), false)
 4 FCPATH/index.php(79): CodeIgniter\CodeIgniter->run()
WARNING - 2024-02-22 15:00:01 --> [DEPRECATED] Creation of dynamic property App\Controllers\Kodepos::$model is deprecated in APPPATH/Controllers/KodePos.php on line 13.
 1 SYSTEMPATH/CodeIgniter.php(913): App\Controllers\Kodepos->__construct()
 2 SYSTEMPATH/CodeIgniter.php(493): CodeIgniter\CodeIgniter->createController()
 3 SYSTEMPATH/CodeIgniter.php(361): CodeIgniter\CodeIgniter->handleRequest(null, Object(Config\Cache), false)
 4 FCPATH/index.php(79): CodeIgniter\CodeIgniter->run()
